<?xml version="1.0" encoding="UTF-8"?>
<testsuite xmlns:xsi="http://www.w3.org/2001/XMLSchema-instance" xsi:noNamespaceSchemaLocation="https://maven.apache.org/surefire/maven-surefire-plugin/xsd/surefire-test-report-3.0.xsd" version="3.0" name="TestSuite" time="99.75" tests="17" errors="0" skipped="0" failures="2">
  <properties>
[...]
</properties>
  <testcase name="registrationPage" classname="com.newtours.tests.BookFlightTest" time="7.388"/>
  <testcase name="registrationPage" classname="com.newtours.tests.BookFlightTest" time="7.133"/>
  <testcase name="registrationPage" classname="com.newtours.tests.BookFlightTest" time="4.821"/>
  <testcase name="registrationConfirmationPage" classname="com.newtours.tests.BookFlightTest" time="19.333"/>
  <testcase name="registrationConfirmationPage" classname="com.newtours.tests.BookFlightTest" time="18.697"/>
  <testcase name="registrationConfirmationPage" classname="com.newtours.tests.BookFlightTest" time="1.068"/>
  <testcase name="flightDetailsPage" classname="com.newtours.tests.BookFlightTest" time="1.151"/>
  <testcase name="flightDetailsPage" classname="com.newtours.tests.BookFlightTest" time="1.103"/>
  <testcase name="flightDetailsPage" classname="com.newtours.tests.BookFlightTest" time="1.129"/>
  <testcase name="findFlightPage" classname="com.newtours.tests.BookFlightTest" time="1.932"/>
  <testcase name="findFlightPage" classname="com.newtours.tests.BookFlightTest" time="1.716"/>
  <testcase name="findFlightPage" classname="com.newtours.tests.BookFlightTest" time="1.859"/>
  <testcase name="flightConfirmationPage" classname="com.newtours.tests.BookFlightTest" time="1.506"/>
  <testcase name="flightConfirmationPage" classname="com.newtours.tests.BookFlightTest" time="1.135"/>
  <testcase name="flightConfirmationPage" classname="com.newtours.tests.BookFlightTest" time="1.125"/>
  <testcase name="search" classname="com.searchmodule.tests.SearchTest" time="4.62">
    <failure message="Failed to decode response from marionette&#10;Build info: version: &apos;3.141.5&apos;, revision: &apos;d54ebd709a&apos;, time: &apos;2018-11-06T11:42:16&apos;&#10;System info: host: &apos;UK01989&apos;, ip: &apos;10.0.75.1&apos;, os.name: &apos;Windows 10&apos;, os.arch: &apos;amd64&apos;, os.version: &apos;10.0&apos;, java.version: &apos;12&apos;&#10;Driver info: org.openqa.selenium.remote.RemoteWebDriver&#10;Capabilities {acceptInsecureCerts: true, browserName: firefox, browserVersion: 63.0, javascriptEnabled: true, moz:accessibilityChecks: false, moz:geckodriverVersion: 0.23.0, moz:headless: false, moz:processID: 702, moz:profile: /tmp/rust_mozprofile.k0A2T2..., moz:useNonSpecCompliantPointerOrigin: false, moz:webdriverClick: true, pageLoadStrategy: normal, platform: LINUX, platformName: LINUX, platformVersion: 4.9.125-linuxkit, rotatable: false, setWindowRect: true, timeouts: {implicit: 0, pageLoad: 300000, script: 30000}, unhandledPromptBehavior: dismiss and notify, webdriver.remote.sessionid: 8468b0b2-343b-4564-8472-2c0...}&#10;Session ID: 8468b0b2-343b-4564-8472-2c03edc6958e&#10;*** Element info: {Using=class name, value=tile--vid}" type="org.openqa.selenium.WebDriverException">org.openqa.selenium.WebDriverException: 
Failed to decode response from marionette
Build info: version: '3.141.5', revision: 'd54ebd709a', time: '2018-11-06T11:42:16'
System info: host: 'UK01989', ip: '10.0.75.1', os.name: 'Windows 10', os.arch: 'amd64', os.version: '10.0', java.version: '12'
Driver info: org.openqa.selenium.remote.RemoteWebDriver
Capabilities {acceptInsecureCerts: true, browserName: firefox, browserVersion: 63.0, javascriptEnabled: true, moz:accessibilityChecks: false, moz:geckodriverVersion: 0.23.0, moz:headless: false, moz:processID: 702, moz:profile: /tmp/rust_mozprofile.k0A2T2..., moz:useNonSpecCompliantPointerOrigin: false, moz:webdriverClick: true, pageLoadStrategy: normal, platform: LINUX, platformName: LINUX, platformVersion: 4.9.125-linuxkit, rotatable: false, setWindowRect: true, timeouts: {implicit: 0, pageLoad: 300000, script: 30000}, unhandledPromptBehavior: dismiss and notify, webdriver.remote.sessionid: 8468b0b2-343b-4564-8472-2c0...}
Session ID: 8468b0b2-343b-4564-8472-2c03edc6958e
*** Element info: {Using=class name, value=tile--vid}
	at com.searchmodule.tests.SearchTest.search(SearchTest.java:22)
</failure>
    <system-err><![CDATA[May 16, 2019 11:14:22 AM org.openqa.selenium.remote.DesiredCapabilities firefox
INFO: Using `new FirefoxOptions()` is preferred to `DesiredCapabilities.firefox()`
May 16, 2019 11:14:26 AM org.openqa.selenium.remote.ProtocolHandshake createSession
INFO: Detected dialect: W3C
]]></system-err>
  </testcase>
  <testcase name="tearDown" classname="com.searchmodule.tests.SearchTest" time="4.652">
    <failure message="Tried to run command without establishing a connection&#10;Build info: version: &apos;3.141.5&apos;, revision: &apos;d54ebd709a&apos;, time: &apos;2018-11-06T11:42:16&apos;&#10;System info: host: &apos;UK01989&apos;, ip: &apos;10.0.75.1&apos;, os.name: &apos;Windows 10&apos;, os.arch: &apos;amd64&apos;, os.version: &apos;10.0&apos;, java.version: &apos;12&apos;&#10;Driver info: org.openqa.selenium.remote.RemoteWebDriver&#10;Capabilities {acceptInsecureCerts: true, browserName: firefox, browserVersion: 63.0, javascriptEnabled: true, moz:accessibilityChecks: false, moz:geckodriverVersion: 0.23.0, moz:headless: false, moz:processID: 702, moz:profile: /tmp/rust_mozprofile.k0A2T2..., moz:useNonSpecCompliantPointerOrigin: false, moz:webdriverClick: true, pageLoadStrategy: normal, platform: LINUX, platformName: LINUX, platformVersion: 4.9.125-linuxkit, rotatable: false, setWindowRect: true, timeouts: {implicit: 0, pageLoad: 300000, script: 30000}, unhandledPromptBehavior: dismiss and notify, webdriver.remote.sessionid: 8468b0b2-343b-4564-8472-2c0...}&#10;Session ID: 8468b0b2-343b-4564-8472-2c03edc6958e" type="org.openqa.selenium.NoSuchSessionException">org.openqa.selenium.NoSuchSessionException: 
Tried to run command without establishing a connection
Build info: version: '3.141.5', revision: 'd54ebd709a', time: '2018-11-06T11:42:16'
System info: host: 'UK01989', ip: '10.0.75.1', os.name: 'Windows 10', os.arch: 'amd64', os.version: '10.0', java.version: '12'
Driver info: org.openqa.selenium.remote.RemoteWebDriver
Capabilities {acceptInsecureCerts: true, browserName: firefox, browserVersion: 63.0, javascriptEnabled: true, moz:accessibilityChecks: false, moz:geckodriverVersion: 0.23.0, moz:headless: false, moz:processID: 702, moz:profile: /tmp/rust_mozprofile.k0A2T2..., moz:useNonSpecCompliantPointerOrigin: false, moz:webdriverClick: true, pageLoadStrategy: normal, platform: LINUX, platformName: LINUX, platformVersion: 4.9.125-linuxkit, rotatable: false, setWindowRect: true, timeouts: {implicit: 0, pageLoad: 300000, script: 30000}, unhandledPromptBehavior: dismiss and notify, webdriver.remote.sessionid: 8468b0b2-343b-4564-8472-2c0...}
Session ID: 8468b0b2-343b-4564-8472-2c03edc6958e
</failure>
  </testcase>
</testsuite>