<?xml version="1.0" encoding="UTF-8"?>
<!-- Generated by org.testng.reporters.JUnitXMLReporter -->
<testsuite ignored="0" hostname="UK01989" failures="0" tests="5" name="book-flight-4" time="14.426" errors="0" timestamp="16 May 2019 10:14:22 GMT">
  <testcase classname="com.newtours.tests.BookFlightTest" name="registrationPage" time="4.822"/>
  <testcase classname="com.newtours.tests.BookFlightTest" name="registrationConfirmationPage" time="1.068"/>
  <testcase classname="com.newtours.tests.BookFlightTest" name="flightDetailsPage" time="1.13"/>
  <testcase classname="com.newtours.tests.BookFlightTest" name="findFlightPage" time="1.86"/>
  <testcase classname="com.newtours.tests.BookFlightTest" name="flightConfirmationPage" time="1.124"/>
</testsuite> <!-- book-flight-4 -->
