<?xml version="1.0" encoding="UTF-8"?>
<!-- Generated by org.testng.reporters.JUnitXMLReporter -->
<testsuite ignored="0" hostname="UK01989" failures="0" tests="5" name="book-flight-3" time="34.891" errors="0" timestamp="16 May 2019 10:14:07 GMT">
  <testcase classname="com.newtours.tests.BookFlightTest" name="registrationPage" time="7.131"/>
  <testcase classname="com.newtours.tests.BookFlightTest" name="registrationConfirmationPage" time="18.705"/>
  <testcase classname="com.newtours.tests.BookFlightTest" name="flightDetailsPage" time="1.102"/>
  <testcase classname="com.newtours.tests.BookFlightTest" name="findFlightPage" time="1.716"/>
  <testcase classname="com.newtours.tests.BookFlightTest" name="flightConfirmationPage" time="1.134"/>
</testsuite> <!-- book-flight-3 -->
