<?xml version="1.0" encoding="UTF-8"?>
<!-- Generated by org.testng.reporters.JUnitXMLReporter -->
<testsuite ignored="0" hostname="UK01989" failures="0" tests="5" name="book-flight-2" time="39.741" errors="0" timestamp="16 May 2019 10:13:33 GMT">
  <testcase classname="com.newtours.tests.BookFlightTest" name="registrationPage" time="7.386"/>
  <testcase classname="com.newtours.tests.BookFlightTest" name="registrationConfirmationPage" time="19.334"/>
  <testcase classname="com.newtours.tests.BookFlightTest" name="flightDetailsPage" time="1.148"/>
  <testcase classname="com.newtours.tests.BookFlightTest" name="findFlightPage" time="1.93"/>
  <testcase classname="com.newtours.tests.BookFlightTest" name="flightConfirmationPage" time="1.507"/>
</testsuite> <!-- book-flight-2 -->
